[2020-10-28T21:45:33.746] [DEBUG] cheese - login => username:admin,password:123456
[2020-10-28T21:45:33.747] [DEBUG] cheese - admin
[2020-10-28T21:45:33.755] [DEBUG] cheese - null
[2020-10-28T21:45:33.755] [DEBUG] cheese - null
[2020-10-28T21:52:03.875] [DEBUG] cheese - login => username:admin,password:123456
[2020-10-28T21:52:03.877] [DEBUG] cheese - admin
[2020-10-28T21:52:03.886] [DEBUG] cheese - null
[2020-10-28T21:52:03.886] [DEBUG] cheese - null
[2020-10-30T11:01:04.871] [DEBUG] cheese - login => username:admin,password:123456
[2020-10-30T11:01:04.873] [DEBUG] cheese - admin
[2020-10-30T11:01:04.895] [DEBUG] cheese - null
[2020-10-30T11:01:04.895] [DEBUG] cheese - null
[2020-10-30T11:07:50.983] [DEBUG] cheese - login => username:admin,password:123456
[2020-10-30T11:07:50.985] [DEBUG] cheese - admin
[2020-10-30T11:07:51.007] [DEBUG] cheese - null
[2020-10-30T11:07:51.009] [DEBUG] cheese - null
[2020-10-30T11:08:11.577] [DEBUG] cheese - login => username:admin,password:123456
[2020-10-30T11:08:11.577] [DEBUG] cheese - admin
[2020-10-30T11:08:11.581] [DEBUG] cheese - null
[2020-10-30T11:08:11.582] [DEBUG] cheese - null
[2020-10-30T11:08:12.032] [DEBUG] cheese - login => username:admin,password:123456
[2020-10-30T11:08:12.032] [DEBUG] cheese - admin
[2020-10-30T11:08:12.037] [DEBUG] cheese - null
[2020-10-30T11:08:12.037] [DEBUG] cheese - null
[2020-10-30T11:08:36.622] [DEBUG] cheese - login => username:admin,password:123456
[2020-10-30T11:08:36.622] [DEBUG] cheese - admin
[2020-10-30T11:08:36.625] [DEBUG] cheese - null
[2020-10-30T11:08:36.625] [DEBUG] cheese - null
[2020-10-30T11:08:39.670] [DEBUG] cheese - login => username:jjjjj,password:123456
[2020-10-30T11:08:39.670] [DEBUG] cheese - jjjjj
[2020-10-30T11:08:39.673] [DEBUG] cheese - null
[2020-10-30T11:08:39.674] [DEBUG] cheese - null
[2020-10-30T11:10:49.785] [DEBUG] cheese - login => username:admin,password:123456
[2020-10-30T11:10:49.786] [DEBUG] cheese - admin
[2020-10-30T11:10:49.789] [DEBUG] cheese - null
[2020-10-30T11:10:49.789] [DEBUG] cheese - null
[2020-10-30T11:13:00.872] [DEBUG] cheese - login => username:admin,password:123456
[2020-10-30T11:13:00.872] [DEBUG] cheese - admin
[2020-10-30T11:13:00.877] [DEBUG] cheese - null
[2020-10-30T11:13:00.877] [DEBUG] cheese - null
[2020-10-30T11:14:45.104] [DEBUG] cheese - login => username:admin,password:123456
[2020-10-30T11:14:45.104] [DEBUG] cheese - admin
[2020-10-30T11:14:45.106] [DEBUG] cheese - null
[2020-10-30T11:14:45.106] [DEBUG] cheese - null
[2020-10-30T11:14:49.085] [DEBUG] cheese - login => username:admi,password:123456
[2020-10-30T11:14:49.085] [DEBUG] cheese - admi
[2020-10-30T11:14:49.088] [DEBUG] cheese - null
[2020-10-30T11:14:49.088] [DEBUG] cheese - null
[2020-10-30T11:14:51.478] [DEBUG] cheese - login => username:admi,password:123456
[2020-10-30T11:14:51.478] [DEBUG] cheese - admi
[2020-10-30T11:14:51.480] [DEBUG] cheese - null
[2020-10-30T11:14:51.481] [DEBUG] cheese - null
[2020-10-30T11:14:52.376] [DEBUG] cheese - login => username:admi,password:123456
[2020-10-30T11:14:52.376] [DEBUG] cheese - admi
[2020-10-30T11:14:52.379] [DEBUG] cheese - null
[2020-10-30T11:14:52.379] [DEBUG] cheese - null
[2020-10-30T11:14:54.388] [DEBUG] cheese - login => username:admin,password:123456
[2020-10-30T11:14:54.388] [DEBUG] cheese - admin
[2020-10-30T11:14:54.391] [DEBUG] cheese - null
[2020-10-30T11:14:54.391] [DEBUG] cheese - null
[2020-10-30T11:14:56.011] [DEBUG] cheese - login => username:adminnnn,password:123456
[2020-10-30T11:14:56.011] [DEBUG] cheese - adminnnn
[2020-10-30T11:14:56.014] [DEBUG] cheese - null
[2020-10-30T11:14:56.015] [DEBUG] cheese - null
[2020-10-30T11:14:56.259] [DEBUG] cheese - login => username:adminnnn,password:123456
[2020-10-30T11:14:56.259] [DEBUG] cheese - adminnnn
[2020-10-30T11:14:56.263] [DEBUG] cheese - null
[2020-10-30T11:14:56.263] [DEBUG] cheese - null
[2020-10-30T11:14:59.085] [DEBUG] cheese - login => username:adminnnn,password:123456
[2020-10-30T11:14:59.085] [DEBUG] cheese - adminnnn
[2020-10-30T11:14:59.089] [DEBUG] cheese - null
[2020-10-30T11:14:59.089] [DEBUG] cheese - null
[2020-10-30T11:15:02.629] [DEBUG] cheese - login => username:admin,password:123456
[2020-10-30T11:15:02.629] [DEBUG] cheese - admin
[2020-10-30T11:15:02.631] [DEBUG] cheese - null
[2020-10-30T11:15:02.631] [DEBUG] cheese - null
[2020-10-30T11:15:06.585] [DEBUG] cheese - login => username:admin,password:12345
[2020-10-30T11:15:06.586] [DEBUG] cheese - admin
[2020-10-30T11:15:06.588] [DEBUG] cheese - null
[2020-10-30T11:15:06.588] [DEBUG] cheese - null
[2020-10-30T11:32:12.211] [DEBUG] cheese - login => username:admin,password:123456
[2020-10-30T11:32:12.211] [DEBUG] cheese - admin
[2020-10-30T11:32:12.213] [DEBUG] cheese - null
[2020-10-30T11:32:12.213] [DEBUG] cheese - null
[2020-10-30T11:32:24.808] [DEBUG] cheese - login => username:admin,password:123456
[2020-10-30T11:32:24.808] [DEBUG] cheese - admin
[2020-10-30T11:32:24.809] [DEBUG] cheese - null
[2020-10-30T11:32:24.809] [DEBUG] cheese - null
[2020-10-30T11:32:39.109] [DEBUG] cheese - login => username:rqeqwe,password:qweqwe
[2020-10-30T11:32:39.109] [DEBUG] cheese - rqeqwe
[2020-10-30T11:32:39.110] [DEBUG] cheese - null
[2020-10-30T11:32:39.110] [DEBUG] cheese - null
[2020-10-30T11:32:50.975] [DEBUG] cheese - login => username:admin,password:123456
[2020-10-30T11:32:50.975] [DEBUG] cheese - admin
[2020-10-30T11:32:50.977] [DEBUG] cheese - null
[2020-10-30T11:32:50.977] [DEBUG] cheese - null
[2020-10-30T11:34:43.865] [DEBUG] cheese - login => username:admin,password:123456
[2020-10-30T11:34:43.865] [DEBUG] cheese - admin
[2020-10-30T11:34:43.867] [DEBUG] cheese - null
[2020-10-30T11:34:43.867] [DEBUG] cheese - null
[2020-10-30T11:34:58.940] [DEBUG] cheese - login => username:admin,password:123456
[2020-10-30T11:34:58.940] [DEBUG] cheese - admin
[2020-10-30T11:34:58.942] [DEBUG] cheese - null
[2020-10-30T11:34:58.942] [DEBUG] cheese - null
[2020-10-30T11:35:12.055] [DEBUG] cheese - login => username:admin,password:123456
[2020-10-30T11:35:12.055] [DEBUG] cheese - admin
[2020-10-30T11:35:12.056] [DEBUG] cheese - null
[2020-10-30T11:35:12.057] [DEBUG] cheese - null
[2020-10-30T11:35:56.639] [DEBUG] cheese - login => username:admin,password:123456
[2020-10-30T11:35:56.639] [DEBUG] cheese - admin
[2020-10-30T11:35:56.640] [DEBUG] cheese - null
[2020-10-30T11:35:56.640] [DEBUG] cheese - null
[2020-10-30T11:36:04.569] [DEBUG] cheese - login => username:admin,password:123456
[2020-10-30T11:36:04.569] [DEBUG] cheese - admin
[2020-10-30T11:36:04.570] [DEBUG] cheese - null
[2020-10-30T11:36:04.570] [DEBUG] cheese - null
[2020-10-30T11:38:35.880] [DEBUG] cheese - login => username:admin,password:123456
[2020-10-30T11:38:35.880] [DEBUG] cheese - admin
[2020-10-30T11:38:35.882] [DEBUG] cheese - null
[2020-10-30T11:38:35.882] [DEBUG] cheese - null
[2020-10-30T11:38:41.653] [DEBUG] cheese - login => username:admin,password:123456
[2020-10-30T11:38:41.653] [DEBUG] cheese - admin
[2020-10-30T11:38:41.654] [DEBUG] cheese - null
[2020-10-30T11:38:41.654] [DEBUG] cheese - null
[2020-10-30T11:52:41.580] [DEBUG] cheese - login => username:admin,password:123456
[2020-10-30T11:52:41.580] [DEBUG] cheese - admin
[2020-10-30T11:52:41.584] [DEBUG] cheese - null
[2020-10-30T11:52:41.584] [DEBUG] cheese - null
[2020-10-30T11:53:17.563] [DEBUG] cheese - login => username:admin,password:123456
[2020-10-30T11:53:17.563] [DEBUG] cheese - admin
[2020-10-30T11:53:17.565] [DEBUG] cheese - null
[2020-10-30T11:53:17.565] [DEBUG] cheese - null
[2020-10-30T11:53:21.844] [DEBUG] cheese - login => username:admin,password:123456
[2020-10-30T11:53:21.844] [DEBUG] cheese - admin
[2020-10-30T11:53:21.846] [DEBUG] cheese - null
[2020-10-30T11:53:21.846] [DEBUG] cheese - null
[2020-10-30T11:54:14.638] [DEBUG] cheese - login => username:admin,password:123456
[2020-10-30T11:54:14.638] [DEBUG] cheese - admin
[2020-10-30T11:54:14.640] [DEBUG] cheese - null
[2020-10-30T11:54:14.640] [DEBUG] cheese - null
[2020-10-30T11:54:27.646] [DEBUG] cheese - login => username:admin,password:123456
[2020-10-30T11:54:27.646] [DEBUG] cheese - admin
[2020-10-30T11:54:27.648] [DEBUG] cheese - null
[2020-10-30T11:54:27.648] [DEBUG] cheese - null
[2020-10-30T11:55:00.778] [DEBUG] cheese - login => username:admin,password:123456
[2020-10-30T11:55:00.778] [DEBUG] cheese - admin
[2020-10-30T11:55:00.780] [DEBUG] cheese - null
[2020-10-30T11:55:00.780] [DEBUG] cheese - null
[2020-10-30T11:55:07.110] [DEBUG] cheese - login => username:admin,password:123456
[2020-10-30T11:55:07.110] [DEBUG] cheese - admin
[2020-10-30T11:55:07.112] [DEBUG] cheese - null
[2020-10-30T11:55:07.112] [DEBUG] cheese - null
[2020-10-30T11:56:46.271] [DEBUG] cheese - login => username:admin,password:123456
[2020-10-30T11:56:46.271] [DEBUG] cheese - admin
[2020-10-30T11:56:46.273] [DEBUG] cheese - null
[2020-10-30T11:56:46.273] [DEBUG] cheese - null
[2020-10-30T11:57:13.623] [DEBUG] cheese - login => username:admin,password:123456
[2020-10-30T11:57:13.623] [DEBUG] cheese - admin
[2020-10-30T11:57:13.625] [DEBUG] cheese - null
[2020-10-30T11:57:13.625] [DEBUG] cheese - null
[2020-10-30T11:58:08.735] [DEBUG] cheese - login => username:admin,password:123456
[2020-10-30T11:58:08.735] [DEBUG] cheese - admin
[2020-10-30T11:58:08.737] [DEBUG] cheese - null
[2020-10-30T11:58:08.737] [DEBUG] cheese - null
[2020-10-30T11:58:15.617] [DEBUG] cheese - login => username:admin,password:123456
[2020-10-30T11:58:15.617] [DEBUG] cheese - admin
[2020-10-30T11:58:15.619] [DEBUG] cheese - null
[2020-10-30T11:58:15.619] [DEBUG] cheese - null
[2020-10-30T11:59:49.483] [DEBUG] cheese - login => username:admin,password:123456
[2020-10-30T11:59:49.484] [DEBUG] cheese - admin
[2020-10-30T11:59:49.486] [DEBUG] cheese - null
[2020-10-30T11:59:49.486] [DEBUG] cheese - null
[2020-10-30T12:02:30.097] [DEBUG] cheese - login => username:admin,password:123456
[2020-10-30T12:02:30.097] [DEBUG] cheese - admin
[2020-10-30T12:02:30.100] [DEBUG] cheese - null
[2020-10-30T12:02:30.100] [DEBUG] cheese - null
[2020-10-30T12:02:32.801] [DEBUG] cheese - login => username:admin,password:123456
[2020-10-30T12:02:32.801] [DEBUG] cheese - admin
[2020-10-30T12:02:32.803] [DEBUG] cheese - null
[2020-10-30T12:02:32.803] [DEBUG] cheese - null
[2020-10-30T12:02:35.177] [DEBUG] cheese - login => username:admin,password:123456
[2020-10-30T12:02:35.177] [DEBUG] cheese - admin
[2020-10-30T12:02:35.180] [DEBUG] cheese - null
[2020-10-30T12:02:35.180] [DEBUG] cheese - null
[2020-10-30T12:15:34.358] [DEBUG] cheese - login => username:admin,password:123456
[2020-10-30T12:15:34.359] [DEBUG] cheese - admin
[2020-10-30T12:15:34.360] [DEBUG] cheese - null
[2020-10-30T12:15:34.360] [DEBUG] cheese - null
[2020-10-30T12:17:07.850] [DEBUG] cheese - login => username:admin,password:123456
[2020-10-30T12:17:07.850] [DEBUG] cheese - admin
[2020-10-30T12:17:07.851] [DEBUG] cheese - null
[2020-10-30T12:17:07.851] [DEBUG] cheese - null
[2020-10-30T12:18:50.007] [DEBUG] cheese - login => username:admin,password:123456
[2020-10-30T12:18:50.007] [DEBUG] cheese - admin
[2020-10-30T12:18:50.008] [DEBUG] cheese - null
[2020-10-30T12:18:50.008] [DEBUG] cheese - null
[2020-10-30T12:22:21.115] [DEBUG] cheese - login => username:admin,password:123456
[2020-10-30T12:22:21.115] [DEBUG] cheese - admin
[2020-10-30T12:22:21.117] [DEBUG] cheese - null
[2020-10-30T12:22:21.117] [DEBUG] cheese - null
[2020-10-30T12:22:26.865] [DEBUG] cheese - login => username:admin,password:123456
[2020-10-30T12:22:26.866] [DEBUG] cheese - admin
[2020-10-30T12:22:26.867] [DEBUG] cheese - null
[2020-10-30T12:22:26.867] [DEBUG] cheese - null
[2020-10-30T12:31:06.799] [DEBUG] cheese - login => username:admin,password:123456
[2020-10-30T12:31:06.799] [DEBUG] cheese - admin
[2020-10-30T12:31:06.803] [DEBUG] cheese - null
[2020-10-30T12:31:06.803] [DEBUG] cheese - null
[2020-10-30T12:34:09.714] [DEBUG] cheese - login => username:admin,password:123456
[2020-10-30T12:34:09.714] [DEBUG] cheese - admin
[2020-10-30T12:34:09.716] [DEBUG] cheese - null
[2020-10-30T12:34:09.716] [DEBUG] cheese - null
[2020-10-30T12:34:28.322] [DEBUG] cheese - login => username:admin,password:123456
[2020-10-30T12:34:28.322] [DEBUG] cheese - admin
[2020-10-30T12:34:28.323] [DEBUG] cheese - null
[2020-10-30T12:34:28.323] [DEBUG] cheese - null
[2020-10-30T12:35:03.922] [DEBUG] cheese - login => username:admin,password:123456
[2020-10-30T12:35:03.922] [DEBUG] cheese - admin
[2020-10-30T12:35:03.923] [DEBUG] cheese - null
[2020-10-30T12:35:03.924] [DEBUG] cheese - null
[2020-10-30T12:50:08.887] [DEBUG] cheese - login => username:admin,password:123456
[2020-10-30T12:50:08.887] [DEBUG] cheese - admin
[2020-10-30T12:50:08.891] [DEBUG] cheese - null
[2020-10-30T12:50:08.891] [DEBUG] cheese - null
[2020-10-30T12:52:28.456] [DEBUG] cheese - login => username:admin,password:123456
[2020-10-30T12:52:28.456] [DEBUG] cheese - admin
[2020-10-30T12:52:28.457] [DEBUG] cheese - null
[2020-10-30T12:52:28.457] [DEBUG] cheese - null
[2020-10-30T13:03:42.351] [DEBUG] cheese - login => username:admin,password:123456
[2020-10-30T13:03:42.351] [DEBUG] cheese - admin
[2020-10-30T13:03:42.353] [DEBUG] cheese - null
[2020-10-30T13:03:42.353] [DEBUG] cheese - null
[2020-10-30T13:24:34.480] [DEBUG] cheese - login => username:admin,password:123456
[2020-10-30T13:24:34.480] [DEBUG] cheese - admin
[2020-10-30T13:24:34.482] [DEBUG] cheese - null
[2020-10-30T13:24:34.482] [DEBUG] cheese - null
[2020-10-30T13:25:41.531] [DEBUG] cheese - login => username:admin,password:123456
[2020-10-30T13:25:41.531] [DEBUG] cheese - admin
[2020-10-30T13:25:41.533] [DEBUG] cheese - null
[2020-10-30T13:25:41.533] [DEBUG] cheese - null
[2020-10-30T13:28:24.737] [DEBUG] cheese - login => username:admin,password:123456
[2020-10-30T13:28:24.737] [DEBUG] cheese - admin
[2020-10-30T13:28:24.739] [DEBUG] cheese - null
[2020-10-30T13:28:24.739] [DEBUG] cheese - null
[2020-10-30T13:28:29.077] [DEBUG] cheese - login => username:123546,password:123456
[2020-10-30T13:28:29.077] [DEBUG] cheese - 123546
[2020-10-30T13:28:29.078] [DEBUG] cheese - null
[2020-10-30T13:28:29.078] [DEBUG] cheese - null
[2020-10-30T13:28:36.938] [DEBUG] cheese - login => username:admin,password:123456
[2020-10-30T13:28:36.938] [DEBUG] cheese - admin
[2020-10-30T13:28:36.941] [DEBUG] cheese - null
[2020-10-30T13:28:36.941] [DEBUG] cheese - null
[2020-10-30T13:57:41.142] [DEBUG] cheese - login => username:admin,password:123456
[2020-10-30T13:57:41.142] [DEBUG] cheese - admin
[2020-10-30T13:57:41.147] [DEBUG] cheese - null
[2020-10-30T13:57:41.147] [DEBUG] cheese - null
[2020-10-30T13:58:21.825] [DEBUG] cheese - login => username:admin,password:123456
[2020-10-30T13:58:21.825] [DEBUG] cheese - admin
[2020-10-30T13:58:21.828] [DEBUG] cheese - null
[2020-10-30T13:58:21.828] [DEBUG] cheese - null
[2020-10-30T13:59:10.298] [DEBUG] cheese - login => username:admin,password:123456
[2020-10-30T13:59:10.298] [DEBUG] cheese - admin
[2020-10-30T13:59:10.301] [DEBUG] cheese - null
[2020-10-30T13:59:10.301] [DEBUG] cheese - null
[2020-10-30T13:59:25.472] [DEBUG] cheese - login => username:admin,password:123456
[2020-10-30T13:59:25.472] [DEBUG] cheese - admin
[2020-10-30T13:59:25.477] [DEBUG] cheese - null
[2020-10-30T13:59:25.478] [DEBUG] cheese - null
[2020-10-30T14:02:09.598] [DEBUG] cheese - login => username:admin,password:123456
[2020-10-30T14:02:09.598] [DEBUG] cheese - admin
[2020-10-30T14:02:09.602] [DEBUG] cheese - null
[2020-10-30T14:02:09.602] [DEBUG] cheese - null
[2020-10-30T14:09:08.056] [DEBUG] cheese - login => username:admin,password:123456
[2020-10-30T14:09:08.056] [DEBUG] cheese - admin
[2020-10-30T14:09:08.059] [DEBUG] cheese - null
[2020-10-30T14:09:08.059] [DEBUG] cheese - null
[2020-10-30T14:09:14.489] [DEBUG] cheese - login => username:admin,password:123456
[2020-10-30T14:09:14.489] [DEBUG] cheese - admin
[2020-10-30T14:09:14.492] [DEBUG] cheese - null
[2020-10-30T14:09:14.492] [DEBUG] cheese - null
[2020-10-30T14:18:54.632] [DEBUG] cheese - login => username:admin,password:123456
[2020-10-30T14:18:54.632] [DEBUG] cheese - admin
[2020-10-30T14:18:54.637] [DEBUG] cheese - null
[2020-10-30T14:18:54.637] [DEBUG] cheese - null
[2020-10-30T14:19:05.589] [DEBUG] cheese - login => username:admin,password:123456
[2020-10-30T14:19:05.589] [DEBUG] cheese - admin
[2020-10-30T14:19:05.592] [DEBUG] cheese - null
[2020-10-30T14:19:05.592] [DEBUG] cheese - null
[2020-10-30T14:24:12.702] [DEBUG] cheese - login => username:admin,password:123456
[2020-10-30T14:24:12.702] [DEBUG] cheese - admin
[2020-10-30T14:24:12.705] [DEBUG] cheese - null
[2020-10-30T14:24:12.705] [DEBUG] cheese - null
[2020-10-30T14:43:14.631] [DEBUG] cheese - login => username:admin,password:123456
[2020-10-30T14:43:14.631] [DEBUG] cheese - admin
[2020-10-30T14:43:14.635] [DEBUG] cheese - null
[2020-10-30T14:43:14.636] [DEBUG] cheese - null
[2020-10-30T14:44:00.973] [DEBUG] cheese - login => username:admin,password:123456
[2020-10-30T14:44:00.973] [DEBUG] cheese - admin
[2020-10-30T14:44:00.976] [DEBUG] cheese - null
[2020-10-30T14:44:00.976] [DEBUG] cheese - null
[2020-10-30T14:47:46.135] [DEBUG] cheese - login => username:admin,password:123456
[2020-10-30T14:47:46.136] [DEBUG] cheese - admin
[2020-10-30T14:47:46.138] [DEBUG] cheese - null
[2020-10-30T14:47:46.138] [DEBUG] cheese - null
[2020-10-30T14:48:18.135] [DEBUG] cheese - login => username:admin,password:123456
[2020-10-30T14:48:18.135] [DEBUG] cheese - admin
[2020-10-30T14:48:18.139] [DEBUG] cheese - null
[2020-10-30T14:48:18.139] [DEBUG] cheese - null
[2020-10-30T14:48:32.984] [DEBUG] cheese - login => username:admin,password:123456
[2020-10-30T14:48:32.984] [DEBUG] cheese - admin
[2020-10-30T14:48:32.988] [DEBUG] cheese - null
[2020-10-30T14:48:32.988] [DEBUG] cheese - null
[2020-10-30T15:13:41.804] [DEBUG] cheese - login => username:admin,password:123456
[2020-10-30T15:13:41.804] [DEBUG] cheese - admin
[2020-10-30T15:13:41.806] [DEBUG] cheese - null
[2020-10-30T15:13:41.807] [DEBUG] cheese - null
[2020-10-30T15:19:49.968] [DEBUG] cheese - login => username:admin,password:123456
[2020-10-30T15:19:49.968] [DEBUG] cheese - admin
[2020-10-30T15:19:49.971] [DEBUG] cheese - null
[2020-10-30T15:19:49.971] [DEBUG] cheese - null
[2020-10-30T15:31:37.516] [DEBUG] cheese - login => username:admin,password:123456
[2020-10-30T15:31:37.516] [DEBUG] cheese - admin
[2020-10-30T15:31:37.518] [DEBUG] cheese - null
[2020-10-30T15:31:37.519] [DEBUG] cheese - null
[2020-10-30T15:32:00.585] [DEBUG] cheese - login => username:admin,password:123456
[2020-10-30T15:32:00.585] [DEBUG] cheese - admin
[2020-10-30T15:32:00.589] [DEBUG] cheese - null
[2020-10-30T15:32:00.589] [DEBUG] cheese - null
[2020-10-30T15:35:11.366] [DEBUG] cheese - login => username:admin,password:123456
[2020-10-30T15:35:11.366] [DEBUG] cheese - admin
[2020-10-30T15:35:11.370] [DEBUG] cheese - null
[2020-10-30T15:35:11.370] [DEBUG] cheese - null
[2020-10-30T15:35:46.984] [DEBUG] cheese - login => username:admin,password:123456
[2020-10-30T15:35:46.984] [DEBUG] cheese - admin
[2020-10-30T15:35:46.987] [DEBUG] cheese - null
[2020-10-30T15:35:46.987] [DEBUG] cheese - null
[2020-10-30T15:37:18.327] [DEBUG] cheese - login => username:admin,password:123456
[2020-10-30T15:37:18.327] [DEBUG] cheese - admin
[2020-10-30T15:37:18.329] [DEBUG] cheese - null
[2020-10-30T15:37:18.329] [DEBUG] cheese - null
[2020-10-30T15:43:19.917] [DEBUG] cheese - login => username:admin,password:123456
[2020-10-30T15:43:19.917] [DEBUG] cheese - admin
[2020-10-30T15:43:19.922] [DEBUG] cheese - null
[2020-10-30T15:43:19.922] [DEBUG] cheese - null
[2020-11-01T13:25:41.212] [DEBUG] cheese - login => username:admin,password:123456
[2020-11-01T13:25:41.214] [DEBUG] cheese - admin
[2020-11-01T13:25:41.225] [DEBUG] cheese - null
[2020-11-01T13:25:41.226] [DEBUG] cheese - null
[2020-11-01T13:26:07.640] [DEBUG] cheese - login => username:admin,password:123456
[2020-11-01T13:26:07.641] [DEBUG] cheese - admin
[2020-11-01T13:26:07.642] [DEBUG] cheese - null
[2020-11-01T13:26:07.642] [DEBUG] cheese - null
[2020-11-01T13:35:55.619] [DEBUG] cheese - login => username:admin,password:123456
[2020-11-01T13:35:55.619] [DEBUG] cheese - admin
[2020-11-01T13:35:55.621] [DEBUG] cheese - null
[2020-11-01T13:35:55.621] [DEBUG] cheese - null
[2020-11-01T13:42:45.988] [DEBUG] cheese - login => username:admin,password:123456
[2020-11-01T13:42:45.988] [DEBUG] cheese - admin
[2020-11-01T13:42:45.992] [DEBUG] cheese - null
[2020-11-01T13:42:45.992] [DEBUG] cheese - null
[2020-11-01T13:43:13.393] [DEBUG] cheese - login => username:admin,password:123456
[2020-11-01T13:43:13.394] [DEBUG] cheese - admin
[2020-11-01T13:43:13.396] [DEBUG] cheese - null
[2020-11-01T13:43:13.396] [DEBUG] cheese - null
[2020-11-01T13:43:19.925] [DEBUG] cheese - login => username:admin,password:123456
[2020-11-01T13:43:19.925] [DEBUG] cheese - admin
[2020-11-01T13:43:19.928] [DEBUG] cheese - null
[2020-11-01T13:43:19.928] [DEBUG] cheese - null
[2020-11-01T13:49:06.800] [DEBUG] cheese - login => username:admin,password:123456
[2020-11-01T13:49:06.800] [DEBUG] cheese - admin
[2020-11-01T13:49:06.803] [DEBUG] cheese - null
[2020-11-01T13:49:06.804] [DEBUG] cheese - null
[2020-11-01T13:51:19.278] [DEBUG] cheese - login => username:admin,password:123456
[2020-11-01T13:51:19.278] [DEBUG] cheese - admin
[2020-11-01T13:51:19.281] [DEBUG] cheese - null
[2020-11-01T13:51:19.281] [DEBUG] cheese - null
[2020-11-01T13:56:25.111] [DEBUG] cheese - login => username:admin,password:123456
[2020-11-01T13:56:25.111] [DEBUG] cheese - admin
[2020-11-01T13:56:25.114] [DEBUG] cheese - null
[2020-11-01T13:56:25.114] [DEBUG] cheese - null
[2020-11-01T13:57:26.673] [DEBUG] cheese - login => username:admin,password:123456
[2020-11-01T13:57:26.673] [DEBUG] cheese - admin
[2020-11-01T13:57:26.677] [DEBUG] cheese - null
[2020-11-01T13:57:26.677] [DEBUG] cheese - null
[2020-11-01T14:03:53.683] [DEBUG] cheese - login => username:admin,password:123456
[2020-11-01T14:03:53.683] [DEBUG] cheese - admin
[2020-11-01T14:03:53.686] [DEBUG] cheese - null
[2020-11-01T14:03:53.686] [DEBUG] cheese - null
[2020-11-01T14:18:25.907] [DEBUG] cheese - login => username:admin,password:123456
[2020-11-01T14:18:25.907] [DEBUG] cheese - admin
[2020-11-01T14:18:25.912] [DEBUG] cheese - null
[2020-11-01T14:18:25.912] [DEBUG] cheese - null
[2020-11-01T14:23:03.647] [DEBUG] cheese - login => username:admin,password:123456
[2020-11-01T14:23:03.648] [DEBUG] cheese - admin
[2020-11-01T14:23:03.651] [DEBUG] cheese - null
[2020-11-01T14:23:03.651] [DEBUG] cheese - null
[2020-11-01T14:41:23.926] [DEBUG] cheese - login => username:admin,password:123456
[2020-11-01T14:41:23.926] [DEBUG] cheese - admin
[2020-11-01T14:41:23.930] [DEBUG] cheese - null
[2020-11-01T14:41:23.930] [DEBUG] cheese - null
[2020-11-01T14:49:28.858] [DEBUG] cheese - login => username:admin,password:123456
[2020-11-01T14:49:28.858] [DEBUG] cheese - admin
[2020-11-01T14:49:28.860] [DEBUG] cheese - null
[2020-11-01T14:49:28.860] [DEBUG] cheese - null
[2020-11-03T09:03:22.165] [DEBUG] cheese - login => username:admin,password:123456
[2020-11-03T09:03:22.167] [DEBUG] cheese - admin
[2020-11-03T09:03:22.182] [DEBUG] cheese - null
[2020-11-03T09:03:22.183] [DEBUG] cheese - null
[2020-11-03T09:06:28.886] [DEBUG] cheese - login => username:admin,password:123456
[2020-11-03T09:06:28.886] [DEBUG] cheese - admin
[2020-11-03T09:06:28.889] [DEBUG] cheese - null
[2020-11-03T09:06:28.889] [DEBUG] cheese - null
[2020-11-03T09:25:16.511] [DEBUG] cheese - login => username:admin,password:123456
[2020-11-03T09:25:16.511] [DEBUG] cheese - admin
[2020-11-03T09:25:16.514] [DEBUG] cheese - null
[2020-11-03T09:25:16.514] [DEBUG] cheese - null
[2020-11-03T09:29:00.493] [DEBUG] cheese - login => username:admin,password:123456
[2020-11-03T09:29:00.493] [DEBUG] cheese - admin
[2020-11-03T09:29:00.496] [DEBUG] cheese - null
[2020-11-03T09:29:00.496] [DEBUG] cheese - null
[2020-11-03T09:44:28.879] [DEBUG] cheese - login => username:admin,password:123456
[2020-11-03T09:44:28.879] [DEBUG] cheese - admin
[2020-11-03T09:44:28.883] [DEBUG] cheese - null
[2020-11-03T09:44:28.883] [DEBUG] cheese - null
[2020-11-03T09:44:57.880] [DEBUG] cheese - login => username:admin,password:123456
[2020-11-03T09:44:57.880] [DEBUG] cheese - admin
[2020-11-03T09:44:57.884] [DEBUG] cheese - null
[2020-11-03T09:44:57.884] [DEBUG] cheese - null
[2020-11-03T09:59:58.094] [DEBUG] cheese - login => username:admin,password:123456
[2020-11-03T09:59:58.095] [DEBUG] cheese - admin
[2020-11-03T09:59:58.098] [DEBUG] cheese - null
[2020-11-03T09:59:58.098] [DEBUG] cheese - null
[2020-11-03T10:00:49.062] [DEBUG] cheese - login => username:admin,password:123456
[2020-11-03T10:00:49.062] [DEBUG] cheese - admin
[2020-11-03T10:00:49.064] [DEBUG] cheese - null
[2020-11-03T10:00:49.064] [DEBUG] cheese - null
[2020-11-03T10:01:19.123] [DEBUG] cheese - login => username:admin,password:123456
[2020-11-03T10:01:19.123] [DEBUG] cheese - admin
[2020-11-03T10:01:19.125] [DEBUG] cheese - null
[2020-11-03T10:01:19.125] [DEBUG] cheese - null
[2020-11-03T10:19:27.836] [DEBUG] cheese - login => username:admin,password:123456
[2020-11-03T10:19:27.836] [DEBUG] cheese - admin
[2020-11-03T10:19:27.838] [DEBUG] cheese - null
[2020-11-03T10:19:27.839] [DEBUG] cheese - null
[2020-11-03T11:33:09.078] [DEBUG] cheese - null
[2020-11-03T11:34:14.948] [DEBUG] cheese - null
[2020-11-03T11:35:07.323] [DEBUG] cheese - null
[2020-11-03T11:35:15.675] [DEBUG] cheese - null
[2020-11-03T11:41:14.993] [DEBUG] cheese - null
[2020-11-03T13:55:01.294] [DEBUG] cheese - null
[2020-11-03T15:15:37.274] [DEBUG] cheese - null
[2020-11-03T15:15:41.769] [DEBUG] cheese - null
[2020-11-03T15:16:19.955] [DEBUG] cheese - null
[2020-11-03T15:16:23.230] [DEBUG] cheese - null
[2020-11-03T21:42:34.985] [DEBUG] cheese - login => username:admin,password:123456
[2020-11-03T21:42:34.985] [DEBUG] cheese - admin
[2020-11-03T21:42:34.988] [DEBUG] cheese - null
[2020-11-03T21:42:34.988] [DEBUG] cheese - null
[2020-11-05T13:25:32.461] [DEBUG] cheese - login => username:admin,password:123456
[2020-11-05T13:25:32.462] [DEBUG] cheese - admin
[2020-11-05T13:25:32.483] [DEBUG] cheese - null
[2020-11-05T13:25:32.483] [DEBUG] cheese - null
[2020-11-05T13:44:46.188] [DEBUG] cheese - login => username:admin,password:123456
[2020-11-05T13:44:46.188] [DEBUG] cheese - admin
[2020-11-05T13:44:46.192] [DEBUG] cheese - null
[2020-11-05T13:44:46.193] [DEBUG] cheese - null
[2020-11-05T13:59:47.312] [DEBUG] cheese - login => username:admin,password:123456
[2020-11-05T13:59:47.314] [DEBUG] cheese - admin
[2020-11-05T13:59:47.318] [DEBUG] cheese - null
[2020-11-05T13:59:47.318] [DEBUG] cheese - null
[2020-11-05T14:28:49.257] [DEBUG] cheese - login => username:admin,password:123456
[2020-11-05T14:28:49.258] [DEBUG] cheese - admin
[2020-11-05T14:28:49.263] [DEBUG] cheese - null
[2020-11-05T14:28:49.263] [DEBUG] cheese - null
[2020-11-05T19:28:39.659] [DEBUG] cheese - login => username:admin,password:123456
[2020-11-05T19:28:39.660] [DEBUG] cheese - admin
[2020-11-05T19:28:39.664] [DEBUG] cheese - null
[2020-11-05T19:28:39.665] [DEBUG] cheese - null
[2020-11-06T12:38:54.829] [DEBUG] cheese - login => username:admin,password:123456
[2020-11-06T12:38:54.830] [DEBUG] cheese - admin
[2020-11-06T12:38:54.838] [DEBUG] cheese - null
[2020-11-06T12:38:54.839] [DEBUG] cheese - null
[2020-11-06T12:39:50.081] [DEBUG] cheese - null
[2020-11-06T17:18:59.839] [DEBUG] cheese - login => username:admin,password:123456
[2020-11-06T17:18:59.841] [DEBUG] cheese - admin
[2020-11-06T17:18:59.844] [DEBUG] cheese - null
[2020-11-06T17:18:59.845] [DEBUG] cheese - null
[2020-11-06T23:53:07.582] [DEBUG] cheese - login => username:admin,password:123456
[2020-11-06T23:53:07.583] [DEBUG] cheese - admin
[2020-11-06T23:53:07.593] [DEBUG] cheese - null
[2020-11-06T23:53:07.593] [DEBUG] cheese - null
[2020-11-07T14:32:37.378] [DEBUG] cheese - null
[2020-11-08T09:20:12.204] [DEBUG] cheese - login => username:admin,password:123456
[2020-11-08T09:20:12.205] [DEBUG] cheese - admin
[2020-11-08T09:20:12.233] [DEBUG] cheese - null
[2020-11-08T09:20:12.233] [DEBUG] cheese - null
[2020-11-08T09:48:02.946] [DEBUG] cheese - login => username:admin,password:123456
[2020-11-08T09:48:02.947] [DEBUG] cheese - admin
[2020-11-08T09:48:02.950] [DEBUG] cheese - null
[2020-11-08T09:48:02.950] [DEBUG] cheese - null
[2020-11-08T19:42:47.901] [DEBUG] cheese - login => username:admin,password:123456
[2020-11-08T19:42:47.902] [DEBUG] cheese - admin
[2020-11-08T19:42:47.916] [DEBUG] cheese - null
[2020-11-08T19:42:47.918] [DEBUG] cheese - null
[2020-11-08T20:27:55.259] [DEBUG] cheese - login => username:admin,password:123456
[2020-11-08T20:27:55.260] [DEBUG] cheese - admin
[2020-11-08T20:27:55.265] [DEBUG] cheese - null
[2020-11-08T20:27:55.265] [DEBUG] cheese - null
[2020-11-08T20:49:04.565] [DEBUG] cheese - login => username:admin,password:123456
[2020-11-08T20:49:04.567] [DEBUG] cheese - admin
[2020-11-08T20:49:04.570] [DEBUG] cheese - null
[2020-11-08T20:49:04.571] [DEBUG] cheese - null
[2020-11-08T21:38:43.594] [DEBUG] cheese - login => username:admin,password:123456
[2020-11-08T21:38:43.596] [DEBUG] cheese - admin
[2020-11-08T21:38:43.600] [DEBUG] cheese - null
[2020-11-08T21:38:43.601] [DEBUG] cheese - null
[2020-11-08T21:53:32.237] [DEBUG] cheese - null
[2020-11-09T11:54:17.533] [DEBUG] cheese - login => username:admin,password:123456
[2020-11-09T11:54:17.534] [DEBUG] cheese - admin
[2020-11-09T11:54:17.549] [DEBUG] cheese - null
[2020-11-09T11:54:17.550] [DEBUG] cheese - null
[2020-11-09T17:06:38.979] [DEBUG] cheese - login => username:admin,password:123456
[2020-11-09T17:06:38.980] [DEBUG] cheese - admin
[2020-11-09T17:06:38.983] [DEBUG] cheese - null
[2020-11-09T17:06:38.984] [DEBUG] cheese - null
[2020-11-09T17:10:59.416] [DEBUG] cheese - login => username:admin,password:123456
[2020-11-09T17:10:59.417] [DEBUG] cheese - admin
[2020-11-09T17:10:59.418] [DEBUG] cheese - null
[2020-11-09T17:10:59.419] [DEBUG] cheese - null
